<?xml version="1.0" encoding="utf-8"?><testsuites><testsuite name="pytest" errors="0" failures="0" skipped="0" tests="5" time="17.430" timestamp="2025-07-06T01:40:14.030152" hostname="a0d8ddad3944"><testcase classname="tests.e2e.test_basic_e2e" name="test_basic_greeting_and_response" time="2.614" /><testcase classname="tests.e2e.test_basic_e2e" name="test_menu_inquiry" time="1.323" /><testcase classname="tests.e2e.test_basic_e2e" name="test_item_ordering_attempt" time="1.712" /><testcase classname="tests.e2e.test_basic_e2e" name="test_multi_turn_conversation" time="5.350" /><testcase classname="tests.e2e.test_basic_e2e" name="test_system_integration" time="6.406" /></testsuite></testsuites>